
操作IP: 127.0.0.1
操作时间: 2013-09-22 10:43:07
操作页面:/index.php
提交方式: GET
提交参数: comment
提交数据: <script>alert(0);</script>
/*---------------------------------------*/
操作IP: 127.0.0.1
操作时间: 2013-11-23 22:19:38
操作页面:/plugins/index.php
提交方式: GET
提交参数: t
提交数据: \\\'   Math.random();
/*---------------------------------------*/
操作IP: 127.0.0.1
操作时间: 2013-11-23 22:19:38
操作页面:/plugins/index.php
提交方式: GET
提交参数: t
提交数据: \\\'   Math.random();
/*---------------------------------------*/
操作IP: 127.0.0.1
操作时间: 2013-11-23 22:21:55
操作页面:/plugins/index.php
提交方式: GET
提交参数: t
提交数据: \\\'   Math.random();
/*---------------------------------------*/
操作IP: 127.0.0.1
操作时间: 2013-11-23 22:21:55
操作页面:/plugins/index.php
提交方式: GET
提交参数: t
提交数据: \\\'   Math.random();
/*---------------------------------------*/
操作IP: 127.0.0.1
操作时间: 2013-11-23 22:24:08
操作页面:/plugins/index.php
提交方式: GET
提交参数: t
提交数据: \\\'   Math.random();
/*---------------------------------------*/
操作IP: 127.0.0.1
操作时间: 2013-11-23 22:24:08
操作页面:/plugins/index.php
提交方式: GET
提交参数: t
提交数据: \\\'   Math.random();
/*---------------------------------------*/
操作IP: 127.0.0.1
操作时间: 2013-11-23 22:25:31
操作页面:/plugins/index.php
提交方式: GET
提交参数: t
提交数据: \\\'   Math.random();
/*---------------------------------------*/
操作IP: 127.0.0.1
操作时间: 2013-11-23 22:25:32
操作页面:/plugins/index.php
提交方式: GET
提交参数: t
提交数据: \\\'   Math.random();
/*---------------------------------------*/
操作IP: 127.0.0.1
操作时间: 2013-11-23 22:27:52
操作页面:/plugins/index.php
提交方式: GET
提交参数: t
提交数据: \\\'   Math.random();
/*---------------------------------------*/
操作IP: 127.0.0.1
操作时间: 2013-11-23 22:27:53
操作页面:/plugins/index.php
提交方式: GET
提交参数: t
提交数据: \\\'   Math.random();
/*---------------------------------------*/
操作IP: 127.0.0.1
操作时间: 2013-11-23 22:28:09
操作页面:/plugins/index.php
提交方式: GET
提交参数: t
提交数据: \\\'   Math.random();
/*---------------------------------------*/
操作IP: 127.0.0.1
操作时间: 2013-11-23 22:28:10
操作页面:/plugins/index.php
提交方式: GET
提交参数: t
提交数据: \\\'   Math.random();
/*---------------------------------------*/